<?xml version="1.0" encoding="UTF-8"?>
<testng-results skipped="0" failed="0" ignored="0" total="1" passed="1">
  <reporter-output>
  </reporter-output>
  <suite name="EMRProject" duration-ms="12056" started-at="2018-03-10T21:06:07Z" finished-at="2018-03-10T21:06:19Z">
    <groups>
      <group name="cucumber">
        <method signature="AbstractTestNGCucumberTests.feature(cucumber.api.testng.CucumberFeatureWrapper)[pri:0, instance:com.emr.testrunner.Testrunner@5c3bd550]" name="feature" class="cucumber.api.testng.AbstractTestNGCucumberTests"/>
      </group> <!-- cucumber -->
    </groups>
    <test name="sample test" duration-ms="12056" started-at="2018-03-10T21:06:07Z" finished-at="2018-03-10T21:06:19Z">
      <class name="com.emr.testrunner.Testrunner">
        <test-method status="PASS" signature="setUpClass()[pri:0, instance:com.emr.testrunner.Testrunner@5c3bd550]" name="setUpClass" is-config="true" duration-ms="259" started-at="2018-03-10T16:06:07Z" finished-at="2018-03-10T16:06:07Z">
          <reporter-output>
          </reporter-output>
        </test-method> <!-- setUpClass -->
        <test-method status="PASS" signature="feature(cucumber.api.testng.CucumberFeatureWrapper)[pri:0, instance:com.emr.testrunner.Testrunner@5c3bd550]" name="feature" duration-ms="11703" started-at="2018-03-10T16:06:07Z" description="Runs Cucumber Feature" data-provider="features" finished-at="2018-03-10T16:06:19Z">
          <params>
            <param index="0">
              <value>
                <![CDATA[Patient Schedule]]>
              </value>
            </param>
          </params>
          <reporter-output>
          </reporter-output>
        </test-method> <!-- feature -->
        <test-method status="PASS" signature="tearDownClass()[pri:0, instance:com.emr.testrunner.Testrunner@5c3bd550]" name="tearDownClass" is-config="true" duration-ms="3" started-at="2018-03-10T16:06:19Z" finished-at="2018-03-10T16:06:19Z">
          <reporter-output>
          </reporter-output>
        </test-method> <!-- tearDownClass -->
      </class> <!-- com.emr.testrunner.Testrunner -->
    </test> <!-- sample test -->
  </suite> <!-- EMRProject -->
</testng-results>
